<?xml version="1.0" encoding="UTF-8"?>
<!-- Generated by org.testng.reporters.JUnitReportReporter -->
<testsuite hostname="DESKTOP-VE43RKO" failures="0" tests="1" name="com.uhc.tests.InternalUsersTests" time="228.865" errors="0" timestamp="2023-10-08T12:28:32 PDT" skipped="0">
  <testcase classname="com.uhc.tests.InternalUsersTests" name="tc1" time="228.865"/>
  <system-out>
    <![CDATA[Shop insurance displayed<br>
Member resources displayed<br>
Shop insurance displayed<br>
Medicare displayed<br>
Health insurance plans displayed<br>
Medicaid displayed<br>
Dental, vision & more displayed<br>
Group plans for employers displayed<br>
Learn about insurance displayed<br>
Shop all plans displayed<br>
Shop insurance color verified<br>
Medicare color verified<br>
Health insurance plans color verified<br>
Medicaid color verified<br>
Dental, vision & more color verified<br>
Group plans for employers color verified<br>
Learn about insurance color verified<br>
Shop all plans color verified<br>
Medicare background color verified<br>
Medicare padding verified<br>
Medicare Advantage plans displayed<br>
Medicare supplement plans displayed<br>
Medicare prescription drug plans displayed<br>
Dual Special Needs plan (D-SNP) displayed<br>
Shop all Medicare plans displayed<br>
Help me find a plan displayed<br>
Estimate drug costs displayed<br>
Search for a pharmacy displayed<br>
Find a doctor displayed<br>
Find a dentist displayed<br>
Medicare overview displayed<br>
Health insurance plans background color verified<br>
Health insurance plans padding verified<br>
Short term plans displayed<br>
ACA marketplace plans displayed<br>
Plans through work displayed<br>
All health insurance plans displayed<br>
Short term vs. ACA plans displayed<br>
Open enrollment displayed<br>
Qualifying life events displayed<br>
Medicaid renewal displayed<br>
Medicaid incorrect background color exist<br>
Medicaid padding verified<br>
Medicaid plans displayed<br>
Dual Special Needs plans (D-SNP) displayed<br>
Children’s Health Insurance plans (CHIP) displayed<br>
Try our plan eligibility tool displayed<br>
Dental, vision & more background color verified<br>
Dental, vision & more padding verified<br>
Shop all supplemental plans displayed<br>
Dental insurance displayed<br>
Vision insurance displayed<br>
Accident insurance displayed<br>
Critical illness insurance displayed<br>
Hospital & doctor fixed indemnity insurance displayed<br>
Hospitalization insurance displayed<br>
Group plans for employers background color verified<br>
Group plans for employers padding verified<br>
Small business displayed<br>
Large organizations displayed<br>
All group plans for employers displayed<br>
Learn about insurance background color verified<br>
Learn about insurance padding verified<br>
Understanding health insurance displayed<br>
Open enrollment displayed<br>
Qualifying life events displayed<br>
Managing costs displayed<br>
Medicaid renewal displayed<br>
Benefits & coverage displayed<br>
Medicare articles & resources displayed<br>
Newsroom displayed<br>
All news & articles displayed<br>
Resources displayed<br>
Choosing a doctor displayed<br>
Member ID card displayed<br>
Pharmacy benefits displayed<br>
Forms displayed<br>
Health & wellness topics displayed<br>
All member resources displayed<br>
Resources color verified<br>
Choosing a doctor color verified<br>
Member ID card color verified<br>
Pharmacy benefits color verified<br>
Forms incorrect color exist<br>
Health & wellness topics color verified<br>
All member resources color verified<br>
Programs & tools displayed<br>
UHC app displayed<br>
Rewards programs displayed<br>
Mental health programs displayed<br>
Virtual visits displayed<br>
All member programs displayed<br>
Programs & tools color verified<br>
UHC app color verified<br>
Rewards programs color verified<br>
Mental health programs color verified<br>
Virtual visits color verified<br>
All member programs color verified<br>
Email Icon displayed<br>
invalid email id verified<br>
valid email id verified<br>]]>
  </system-out>
</testsuite> <!-- com.uhc.tests.InternalUsersTests -->
